  BottomLevelASGenerator.cpp
  RaytracingPipelineGenerator.cpp
  RootSignatureGenerator.cpp
  ShaderBindingTableGenerator.cpp
  TopLevelASGenerator.cpp
  正在生成代码...
  D3D12HelloTriangle.vcxproj -> F:\FirstRayTrace\HelloTriangle\bin\x64\Debug\D3D12HelloTriangle.exe
  Copy dxcompiler.dll and dxil.dll to target folder
  
  -------------------------------------------------------------------------------
     ROBOCOPY     ::     Windows 的可靠文件复制                              
  -------------------------------------------------------------------------------
  
    开始时间: 2020年6月23日 15:16:57
          源: C:\Program Files (x86)\Windows Kits\10\bin\10.0.18362.0\x64\
        目标: F:\FirstRayTrace\HelloTriangle\bin\x64\Debug\
  
        文件: dxcompiler.dll
  	    dxil.dll
  	    
        选项: /DCOPY:DA /COPY:DAT /R:1000000 /W:30 
  
  ------------------------------------------------------------------------------
  
  	                   2	C:\Program Files (x86)\Windows Kits\10\bin\10.0.18362.0\x64\
  
  ------------------------------------------------------------------------------
  
                    总数        复制        跳过       不匹配        失败        其他
         目录:         1         0         1         0         0         0
         文件:         2         0         2         0         0         0
         字节:   12.98 m         0   12.98 m         0         0         0
         时间:   0:00:00   0:00:00                       0:00:00   0:00:00
     结束时间: 2020年6月23日 15:16:57
  
